<?xml version="1.0" encoding="UTF-8"?>
<testng-results ignored="0" total="2" passed="2" failed="0" skipped="0">
  <reporter-output>
  </reporter-output>
  <suite started-at="2020-12-18T02:13:25Z" name="Suite" finished-at="2020-12-18T02:13:25Z" duration-ms="46">
    <groups>
    </groups>
    <test started-at="2020-12-18T02:13:25Z" name="Test" finished-at="2020-12-18T02:13:25Z" duration-ms="46">
      <class name="practical.T2">
        <test-method signature="test4()[pri:0, instance:practical.T2@79efed2d]" started-at="2020-12-18T02:13:25Z" name="test4" finished-at="2020-12-18T02:13:25Z" duration-ms="0" status="PASS">
          <reporter-output>
          </reporter-output>
        </test-method> <!-- test4 -->
      </class> <!-- practical.T2 -->
      <class name="practical.T1">
        <test-method is-config="true" signature="beforeMethod()[pri:0, instance:practical.T1@30b7c004]" started-at="2020-12-18T02:13:25Z" name="beforeMethod" finished-at="2020-12-18T02:13:25Z" duration-ms="8" status="PASS">
          <reporter-output>
          </reporter-output>
        </test-method> <!-- beforeMethod -->
        <test-method signature="test1()[pri:0, instance:practical.T1@30b7c004]" started-at="2020-12-18T02:13:25Z" name="test1" finished-at="2020-12-18T02:13:25Z" duration-ms="0" status="PASS">
          <reporter-output>
          </reporter-output>
        </test-method> <!-- test1 -->
        <test-method is-config="true" signature="afterMethod()[pri:0, instance:practical.T1@30b7c004]" started-at="2020-12-18T02:13:25Z" name="afterMethod" finished-at="2020-12-18T02:13:25Z" duration-ms="0" status="PASS">
          <reporter-output>
          </reporter-output>
        </test-method> <!-- afterMethod -->
      </class> <!-- practical.T1 -->
    </test> <!-- Test -->
  </suite> <!-- Suite -->
</testng-results>
